# JRE version: OpenJDK Runtime Environment Temurin-17.0.7+7 (17.0.7+7) (build 17.0.7+7)
# Java VM: OpenJDK 64-Bit Server VM Temurin-17.0.7+7 (17.0.7+7, mixed mode, tiered, compressed oops, compressed class ptrs, parallel gc, linux-amd64)
GC Precious Log:
 CPUs: 16 total, 16 available
 Memory: 7642M
 Large Page Support: Disabled
 NUMA Support: Disabled
 Compressed Oops: Enabled (32-bit)
 Alignments: Space 512K, Generation 512K, Heap 2M
 Heap Min Capacity: 100M
 Heap Initial Capacity: 100M
 Heap Max Capacity: 1G
 Pre-touch: Disabled
 Parallel Workers: 13
Heap:
 PSYoungGen      total 24576K, used 8841K [0x00000000eab00000, 0x00000000ec700000, 0x0000000100000000)
  eden space 21504K, 33% used [0x00000000eab00000,0x00000000eb1fe7d8,0x00000000ec000000)
  from space 3072K, 54% used [0x00000000ec200000,0x00000000ec3a4010,0x00000000ec500000)
  to   space 2048K, 0% used [0x00000000ec500000,0x00000000ec500000,0x00000000ec700000)
 ParOldGen       total 68608K, used 33553K [0x00000000c0000000, 0x00000000c4300000, 0x00000000eab00000)
  object space 68608K, 48% used [0x00000000c0000000,0x00000000c20c4438,0x00000000c4300000)
 Metaspace       used 47448K, committed 48192K, reserved 1114112K
  class space    used 4638K, committed 4928K, reserved 1048576K
GC Heap History (20 events):
Event: 6.072 GC heap before
{Heap before GC invocations=14 (full 2):
 PSYoungGen      total 25088K, used 24960K [0x00000000eab00000, 0x00000000ec600000, 0x0000000100000000)
  eden space 22528K, 100% used [0x00000000eab00000,0x00000000ec100000,0x00000000ec100000)
  from space 2560K, 95% used [0x00000000ec280000,0x00000000ec4e0010,0x00000000ec500000)
  to   space 1024K, 0% used [0x00000000ec500000,0x00000000ec500000,0x00000000ec600000)
 ParOldGen       total 68608K, used 13636K [0x00000000c0000000, 0x00000000c4300000, 0x00000000eab00000)
  object space 68608K, 19% used [0x00000000c0000000,0x00000000c0d511e8,0x00000000c4300000)
 Metaspace       used 35436K, committed 36096K, reserved 1114112K
  class space    used 3576K, committed 3840K, reserved 1048576K
}
Event: 6.080 GC heap after
{Heap after GC invocations=14 (full 2):
 PSYoungGen      total 22528K, used 992K [0x00000000eab00000, 0x00000000eca80000, 0x0000000100000000)
  eden space 21504K, 0% used [0x00000000eab00000,0x00000000eab00000,0x00000000ec000000)
  from space 1024K, 96% used [0x00000000ec500000,0x00000000ec5f8010,0x00000000ec600000)
  to   space 5120K, 0% used [0x00000000ec000000,0x00000000ec000000,0x00000000ec500000)
 ParOldGen       total 68608K, used 17370K [0x00000000c0000000, 0x00000000c4300000, 0x00000000eab00000)
  object space 68608K, 25% used [0x00000000c0000000,0x00000000c10f6a98,0x00000000c4300000)
 Metaspace       used 35436K, committed 36096K, reserved 1114112K
  class space    used 3576K, committed 3840K, reserved 1048576K
}
Event: 6.115 GC heap before
{Heap before GC invocations=15 (full 2):
 PSYoungGen      total 22528K, used 22496K [0x00000000eab00000, 0x00000000eca80000, 0x0000000100000000)
  eden space 21504K, 100% used [0x00000000eab00000,0x00000000ec000000,0x00000000ec000000)
  from space 1024K, 96% used [0x00000000ec500000,0x00000000ec5f8010,0x00000000ec600000)
  to   space 5120K, 0% used [0x00000000ec000000,0x00000000ec000000,0x00000000ec500000)
 ParOldGen       total 68608K, used 17370K [0x00000000c0000000, 0x00000000c4300000, 0x00000000eab00000)
  object space 68608K, 25% used [0x00000000c0000000,0x00000000c10f6a98,0x00000000c4300000)
 Metaspace       used 35436K, committed 36096K, reserved 1114112K
  class space    used 3576K, committed 3840K, reserved 1048576K
}
Event: 6.119 GC heap after
{Heap after GC invocations=15 (full 2):
 PSYoungGen      total 24576K, used 2752K [0x00000000eab00000, 0x00000000ec700000, 0x0000000100000000)
  eden space 21504K, 0% used [0x00000000eab00000,0x00000000eab00000,0x00000000ec000000)
  from space 3072K, 89% used [0x00000000ec000000,0x00000000ec2b0010,0x00000000ec300000)
  to   space 3584K, 0% used [0x00000000ec380000,0x00000000ec380000,0x00000000ec700000)
 ParOldGen       total 68608K, used 18402K [0x00000000c0000000, 0x00000000c4300000, 0x00000000eab00000)
  object space 68608K, 26% used [0x00000000c0000000,0x00000000c11f8aa8,0x00000000c4300000)
 Metaspace       used 35436K, committed 36096K, reserved 1114112K
  class space    used 3576K, committed 3840K, reserved 1048576K
}
Event: 6.154 GC heap before
{Heap before GC invocations=16 (full 2):
 PSYoungGen      total 24576K, used 24256K [0x00000000eab00000, 0x00000000ec700000, 0x0000000100000000)
  eden space 21504K, 100% used [0x00000000eab00000,0x00000000ec000000,0x00000000ec000000)
  from space 3072K, 89% used [0x00000000ec000000,0x00000000ec2b0010,0x00000000ec300000)
  to   space 3584K, 0% used [0x00000000ec380000,0x00000000ec380000,0x00000000ec700000)
 ParOldGen       total 68608K, used 18402K [0x00000000c0000000, 0x00000000c4300000, 0x00000000eab00000)
  object space 68608K, 26% used [0x00000000c0000000,0x00000000c11f8aa8,0x00000000c4300000)
 Metaspace       used 35436K, committed 36096K, reserved 1114112K
  class space    used 3576K, committed 3840K, reserved 1048576K
}
Event: 6.162 GC heap after
{Heap after GC invocations=16 (full 2):
 PSYoungGen      total 24064K, used 2368K [0x00000000eab00000, 0x00000000ec600000, 0x0000000100000000)
  eden space 21504K, 0% used [0x00000000eab00000,0x00000000eab00000,0x00000000ec000000)
  from space 2560K, 92% used [0x00000000ec380000,0x00000000ec5d0000,0x00000000ec600000)
  to   space 3072K, 0% used [0x00000000ec000000,0x00000000ec000000,0x00000000ec300000)
 ParOldGen       total 68608K, used 20882K [0x00000000c0000000, 0x00000000c4300000, 0x00000000eab00000)
  object space 68608K, 30% used [0x00000000c0000000,0x00000000c1464ab8,0x00000000c4300000)
 Metaspace       used 35436K, committed 36096K, reserved 1114112K
  class space    used 3576K, committed 3840K, reserved 1048576K
}
Event: 6.365 GC heap before
{Heap before GC invocations=17 (full 2):
 PSYoungGen      total 24064K, used 23872K [0x00000000eab00000, 0x00000000ec600000, 0x0000000100000000)
  eden space 21504K, 100% used [0x00000000eab00000,0x00000000ec000000,0x00000000ec000000)
  from space 2560K, 92% used [0x00000000ec380000,0x00000000ec5d0000,0x00000000ec600000)
  to   space 3072K, 0% used [0x00000000ec000000,0x00000000ec000000,0x00000000ec300000)
 ParOldGen       total 68608K, used 20882K [0x00000000c0000000, 0x00000000c4300000, 0x00000000eab00000)
  object space 68608K, 30% used [0x00000000c0000000,0x00000000c1464ab8,0x00000000c4300000)
 Metaspace       used 36267K, committed 36992K, reserved 1114112K
  class space    used 3658K, committed 3968K, reserved 1048576K
}
Event: 6.372 GC heap after
{Heap after GC invocations=17 (full 2):
 PSYoungGen      total 24576K, used 2993K [0x00000000eab00000, 0x00000000ec700000, 0x0000000100000000)
  eden space 21504K, 0% used [0x00000000eab00000,0x00000000eab00000,0x00000000ec000000)
  from space 3072K, 97% used [0x00000000ec000000,0x00000000ec2ec600,0x00000000ec300000)
  to   space 3584K, 0% used [0x00000000ec380000,0x00000000ec380000,0x00000000ec700000)
 ParOldGen       total 68608K, used 23050K [0x00000000c0000000, 0x00000000c4300000, 0x00000000eab00000)
  object space 68608K, 33% used [0x00000000c0000000,0x00000000c1682ab8,0x00000000c4300000)
 Metaspace       used 36267K, committed 36992K, reserved 1114112K
  class space    used 3658K, committed 3968K, reserved 1048576K
}
Event: 6.602 GC heap before
{Heap before GC invocations=18 (full 2):
 PSYoungGen      total 24576K, used 24493K [0x00000000eab00000, 0x00000000ec700000, 0x0000000100000000)
  eden space 21504K, 99% used [0x00000000eab00000,0x00000000ebffee58,0x00000000ec000000)
  from space 3072K, 97% used [0x00000000ec000000,0x00000000ec2ec600,0x00000000ec300000)
  to   space 3584K, 0% used [0x00000000ec380000,0x00000000ec380000,0x00000000ec700000)
 ParOldGen       total 68608K, used 23050K [0x00000000c0000000, 0x00000000c4300000, 0x00000000eab00000)
  object space 68608K, 33% used [0x00000000c0000000,0x00000000c1682ab8,0x00000000c4300000)
 Metaspace       used 38629K, committed 39296K, reserved 1114112K
  class space    used 3924K, committed 4224K, reserved 1048576K
}
Event: 6.607 GC heap after
{Heap after GC invocations=18 (full 2):
 PSYoungGen      total 23040K, used 1208K [0x00000000eab00000, 0x00000000ec500000, 0x0000000100000000)
  eden space 21504K, 0% used [0x00000000eab00000,0x00000000eab00000,0x00000000ec000000)
  from space 1536K, 78% used [0x00000000ec380000,0x00000000ec4ae098,0x00000000ec500000)
  to   space 2048K, 0% used [0x00000000ec100000,0x00000000ec100000,0x00000000ec300000)
 ParOldGen       total 68608K, used 25480K [0x00000000c0000000, 0x00000000c4300000, 0x00000000eab00000)
  object space 68608K, 37% used [0x00000000c0000000,0x00000000c18e21e0,0x00000000c4300000)
 Metaspace       used 38629K, committed 39296K, reserved 1114112K
  class space    used 3924K, committed 4224K, reserved 1048576K
}
Event: 6.918 GC heap before
{Heap before GC invocations=19 (full 2):
 PSYoungGen      total 23040K, used 22712K [0x00000000eab00000, 0x00000000ec500000, 0x0000000100000000)
  eden space 21504K, 100% used [0x00000000eab00000,0x00000000ec000000,0x00000000ec000000)
  from space 1536K, 78% used [0x00000000ec380000,0x00000000ec4ae098,0x00000000ec500000)
  to   space 2048K, 0% used [0x00000000ec100000,0x00000000ec100000,0x00000000ec300000)
 ParOldGen       total 68608K, used 25480K [0x00000000c0000000, 0x00000000c4300000, 0x00000000eab00000)
  object space 68608K, 37% used [0x00000000c0000000,0x00000000c18e21e0,0x00000000c4300000)
 Metaspace       used 40421K, committed 41088K, reserved 1114112K
  class space    used 4083K, committed 4352K, reserved 1048576K
}
Event: 6.922 GC heap after
{Heap after GC invocations=19 (full 2):
 PSYoungGen      total 22528K, used 1024K [0x00000000eab00000, 0x00000000ec400000, 0x0000000100000000)
  eden space 21504K, 0% used [0x00000000eab00000,0x00000000eab00000,0x00000000ec000000)
  from space 1024K, 100% used [0x00000000ec100000,0x00000000ec200000,0x00000000ec200000)
  to   space 1536K, 0% used [0x00000000ec280000,0x00000000ec280000,0x00000000ec400000)
 ParOldGen       total 68608K, used 26455K [0x00000000c0000000, 0x00000000c4300000, 0x00000000eab00000)
  object space 68608K, 38% used [0x00000000c0000000,0x00000000c19d5f90,0x00000000c4300000)
 Metaspace       used 40421K, committed 41088K, reserved 1114112K
  class space    used 4083K, committed 4352K, reserved 1048576K
}
Event: 7.556 GC heap before
{Heap before GC invocations=20 (full 2):
 PSYoungGen      total 22528K, used 22528K [0x00000000eab00000, 0x00000000ec400000, 0x0000000100000000)
  eden space 21504K, 100% used [0x00000000eab00000,0x00000000ec000000,0x00000000ec000000)
  from space 1024K, 100% used [0x00000000ec100000,0x00000000ec200000,0x00000000ec200000)
  to   space 1536K, 0% used [0x00000000ec280000,0x00000000ec280000,0x00000000ec400000)
 ParOldGen       total 68608K, used 26455K [0x00000000c0000000, 0x00000000c4300000, 0x00000000eab00000)
  object space 68608K, 38% used [0x00000000c0000000,0x00000000c19d5f90,0x00000000c4300000)
 Metaspace       used 42519K, committed 43200K, reserved 1114112K
  class space    used 4260K, committed 4544K, reserved 1048576K
}
Event: 7.563 GC heap after
{Heap after GC invocations=20 (full 2):
 PSYoungGen      total 23040K, used 1504K [0x00000000eab00000, 0x00000000ec500000, 0x0000000100000000)
  eden space 21504K, 0% used [0x00000000eab00000,0x00000000eab00000,0x00000000ec000000)
  from space 1536K, 97% used [0x00000000ec280000,0x00000000ec3f8040,0x00000000ec400000)
  to   space 2560K, 0% used [0x00000000ec000000,0x00000000ec000000,0x00000000ec280000)
 ParOldGen       total 68608K, used 27279K [0x00000000c0000000, 0x00000000c4300000, 0x00000000eab00000)
  object space 68608K, 39% used [0x00000000c0000000,0x00000000c1aa3f90,0x00000000c4300000)
 Metaspace       used 42519K, committed 43200K, reserved 1114112K
  class space    used 4260K, committed 4544K, reserved 1048576K
}
Event: 8.022 GC heap before
{Heap before GC invocations=21 (full 2):
 PSYoungGen      total 23040K, used 23008K [0x00000000eab00000, 0x00000000ec500000, 0x0000000100000000)
  eden space 21504K, 100% used [0x00000000eab00000,0x00000000ec000000,0x00000000ec000000)
  from space 1536K, 97% used [0x00000000ec280000,0x00000000ec3f8040,0x00000000ec400000)
  to   space 2560K, 0% used [0x00000000ec000000,0x00000000ec000000,0x00000000ec280000)
 ParOldGen       total 68608K, used 27279K [0x00000000c0000000, 0x00000000c4300000, 0x00000000eab00000)
  object space 68608K, 39% used [0x00000000c0000000,0x00000000c1aa3f90,0x00000000c4300000)
 Metaspace       used 44824K, committed 45568K, reserved 1114112K
  class space    used 4451K, committed 4736K, reserved 1048576K
}
Event: 8.032 GC heap after
{Heap after GC invocations=21 (full 2):
 PSYoungGen      total 24064K, used 2548K [0x00000000eab00000, 0x00000000ecd00000, 0x0000000100000000)
  eden space 21504K, 0% used [0x00000000eab00000,0x00000000eab00000,0x00000000ec000000)
  from space 2560K, 99% used [0x00000000ec000000,0x00000000ec27d008,0x00000000ec280000)
  to   space 6656K, 0% used [0x00000000ec680000,0x00000000ec680000,0x00000000ecd00000)
 ParOldGen       total 68608K, used 30354K [0x00000000c0000000, 0x00000000c4300000, 0x00000000eab00000)
  object space 68608K, 44% used [0x00000000c0000000,0x00000000c1da49a8,0x00000000c4300000)
 Metaspace       used 44824K, committed 45568K, reserved 1114112K
  class space    used 4451K, committed 4736K, reserved 1048576K
}
Event: 8.142 GC heap before
{Heap before GC invocations=22 (full 2):
 PSYoungGen      total 24064K, used 24052K [0x00000000eab00000, 0x00000000ecd00000, 0x0000000100000000)
  eden space 21504K, 100% used [0x00000000eab00000,0x00000000ec000000,0x00000000ec000000)
  from space 2560K, 99% used [0x00000000ec000000,0x00000000ec27d008,0x00000000ec280000)
  to   space 6656K, 0% used [0x00000000ec680000,0x00000000ec680000,0x00000000ecd00000)
 ParOldGen       total 68608K, used 30354K [0x00000000c0000000, 0x00000000c4300000, 0x00000000eab00000)
  object space 68608K, 44% used [0x00000000c0000000,0x00000000c1da49a8,0x00000000c4300000)
 Metaspace       used 44916K, committed 45632K, reserved 1114112K
  class space    used 4456K, committed 4736K, reserved 1048576K
}
Event: 8.148 GC heap after
{Heap after GC invocations=22 (full 2):
 PSYoungGen      total 23040K, used 1403K [0x00000000eab00000, 0x00000000ec800000, 0x0000000100000000)
  eden space 21504K, 0% used [0x00000000eab00000,0x00000000eab00000,0x00000000ec000000)
  from space 1536K, 91% used [0x00000000ec680000,0x00000000ec7deef8,0x00000000ec800000)
  to   space 3072K, 0% used [0x00000000ec200000,0x00000000ec200000,0x00000000ec500000)
 ParOldGen       total 68608K, used 33009K [0x00000000c0000000, 0x00000000c4300000, 0x00000000eab00000)
  object space 68608K, 48% used [0x00000000c0000000,0x00000000c203c410,0x00000000c4300000)
 Metaspace       used 44916K, committed 45632K, reserved 1114112K
  class space    used 4456K, committed 4736K, reserved 1048576K
}
Event: 8.415 GC heap before
{Heap before GC invocations=23 (full 2):
 PSYoungGen      total 23040K, used 22907K [0x00000000eab00000, 0x00000000ec800000, 0x0000000100000000)
  eden space 21504K, 100% used [0x00000000eab00000,0x00000000ec000000,0x00000000ec000000)
  from space 1536K, 91% used [0x00000000ec680000,0x00000000ec7deef8,0x00000000ec800000)
  to   space 3072K, 0% used [0x00000000ec200000,0x00000000ec200000,0x00000000ec500000)
 ParOldGen       total 68608K, used 33009K [0x00000000c0000000, 0x00000000c4300000, 0x00000000eab00000)
  object space 68608K, 48% used [0x00000000c0000000,0x00000000c203c410,0x00000000c4300000)
 Metaspace       used 47072K, committed 47808K, reserved 1114112K
  class space    used 4621K, committed 4928K, reserved 1048576K
}
Event: 8.418 GC heap after
{Heap after GC invocations=23 (full 2):
 PSYoungGen      total 24576K, used 1680K [0x00000000eab00000, 0x00000000ec700000, 0x0000000100000000)
  eden space 21504K, 0% used [0x00000000eab00000,0x00000000eab00000,0x00000000ec000000)
  from space 3072K, 54% used [0x00000000ec200000,0x00000000ec3a4010,0x00000000ec500000)
  to   space 2048K, 0% used [0x00000000ec500000,0x00000000ec500000,0x00000000ec700000)
 ParOldGen       total 68608K, used 33553K [0x00000000c0000000, 0x00000000c4300000, 0x00000000eab00000)
  object space 68608K, 48% used [0x00000000c0000000,0x00000000c20c4438,0x00000000c4300000)
 Metaspace       used 47072K, committed 47808K, reserved 1114112K
  class space    used 4621K, committed 4928K, reserved 1048576K
}

